<?xml version="1.0" encoding="UTF-8"?>
<testsuite xmlns:xsi="http://www.w3.org/2001/XMLSchema-instance" xsi:noNamespaceSchemaLocation="https://maven.apache.org/surefire/maven-surefire-plugin/xsd/surefire-test-report-3.0.xsd" version="3.0" name="multisensory.project.controller.UserControllerTest" time="0.506" tests="3" errors="0" skipped="0" failures="0">
  <properties>
[...]
</properties>
  <testcase name="AuthController_LoginUser_ReturnBothTokens" classname="multisensory.project.controller.UserControllerTest" time="0.059">
    <system-out><![CDATA[2025-05-20T10:05:17.771+07:00  INFO 49893 --- [           main] t.c.s.AnnotationConfigContextLoaderUtils : Could not detect default configuration classes for test class [multisensory.project.controller.UserControllerTest]: UserControllerTest does not declare any static, non-private, non-final, nested classes annotated with @Configuration.
2025-05-20T10:05:17.779+07:00  INFO 49893 --- [           main] .b.t.c.SpringBootTestContextBootstrapper : Found @SpringBootConfiguration multisensory.project.MultisensoryDataIntegrationForBehaviorModelingComprehensiveDataApplication for test class multisensory.project.controller.UserControllerTest

  .   ____          _            __ _ _
 /\\ / ___'_ __ _ _(_)_ __  __ _ \ \ \ \
( ( )\___ | '_ | '_| | '_ \/ _` | \ \ \ \
 \\/  ___)| |_)| | | | | || (_| |  ) ) ) )
  '  |____| .__|_| |_|_| |_\__, | / / / /
 =========|_|==============|___/=/_/_/_/
 :: Spring Boot ::                (v3.1.0)

2025-05-20T10:05:17.794+07:00  WARN 49893 --- [           main] ory$DuplicateJsonObjectContextCustomizer : 

Found multiple occurrences of org.json.JSONObject on the class path:

	jar:file:/Users/miki/.m2/repository/com/vaadin/external/google/android-json/0.0.20131108.vaadin1/android-json-0.0.20131108.vaadin1.jar!/org/json/JSONObject.class
	jar:file:/Users/miki/.m2/repository/org/json/json/20210307/json-20210307.jar!/org/json/JSONObject.class

You may wish to exclude one of them to ensure predictable runtime behavior

2025-05-20T10:05:17.795+07:00  INFO 49893 --- [           main] m.project.controller.UserControllerTest  : Starting UserControllerTest using Java 21.0.2 with PID 49893 (started by miki in /Users/miki/Desktop/gitProject/Multisensory-Data-Integration-for-Behavior-Modeling-Comprehensive-Data/Server/web-server)
2025-05-20T10:05:17.795+07:00  INFO 49893 --- [           main] m.project.controller.UserControllerTest  : No active profile set, falling back to 1 default profile: "default"
2025-05-20T10:05:18.158+07:00  INFO 49893 --- [           main] o.s.b.t.m.w.SpringBootMockServletContext : Initializing Spring TestDispatcherServlet ''
2025-05-20T10:05:18.158+07:00  INFO 49893 --- [           main] o.s.t.web.servlet.TestDispatcherServlet  : Initializing Servlet ''
2025-05-20T10:05:18.159+07:00  INFO 49893 --- [           main] o.s.t.web.servlet.TestDispatcherServlet  : Completed initialization in 1 ms
2025-05-20T10:05:18.199+07:00  INFO 49893 --- [           main] m.project.controller.UserControllerTest  : Started UserControllerTest in 0.415 seconds (process running for 2.141)
2025-05-20T10:05:18.231+07:00  WARN 49893 --- [           main] ocalVariableTableParameterNameDiscoverer : Using deprecated '-debug' fallback for parameter name resolution. Compile the affected code with '-parameters' instead or avoid its introspection: multisensory.project.controller.AuthController
]]></system-out>
  </testcase>
  <testcase name="AuthController_RefreshToken_ReturnAccessToken" classname="multisensory.project.controller.UserControllerTest" time="0.005"/>
  <testcase name="AuthController_RegisterUser_ReturnToken" classname="multisensory.project.controller.UserControllerTest" time="0.003"/>
</testsuite>