<?xml version="1.0" encoding="UTF-8"?>
<testsuite xmlns:xsi="http://www.w3.org/2001/XMLSchema-instance" xsi:noNamespaceSchemaLocation="https://maven.apache.org/surefire/maven-surefire-plugin/xsd/surefire-test-report-3.0.xsd" version="3.0" name="multisensory.project.service.JwtTokenServiceTest" time="0.022" tests="4" errors="0" skipped="0" failures="0">
  <properties>
[...]
</properties>
  <testcase name="JwtTokenService_HashToken_ReturnHashedToken" classname="multisensory.project.service.JwtTokenServiceTest" time="0.001"/>
  <testcase name="JwtTokenService_ExtractExpirationTime_ReturnExpirationTime" classname="multisensory.project.service.JwtTokenServiceTest" time="0.016"/>
  <testcase name="JwtTokenService_ExtractUserId_ReturnUUID" classname="multisensory.project.service.JwtTokenServiceTest" time="0.002"/>
  <testcase name="JwtTokenService_GenerateToken_ReturnToken" classname="multisensory.project.service.JwtTokenServiceTest" time="0.001"/>
</testsuite>